Arguments: 
  C:\Program Files\nodejs\node.exe C:\Users\alexa\AppData\Roaming\npm\node_modules\yarn\bin\yarn.js add express express-validator bcriptjs config gravatar jsonwebtoken mongoose request

PATH: 
  C:\Program Files (x86)\Intel\iCLS Client\;C:\Program Files\Intel\iCLS Client\;C:\WINDOWS\system32;C:\WINDOWS;C:\WINDOWS\System32\Wbem;C:\WINDOWS\System32\WindowsPowerShell\v1.0\;C:\Program Files (x86)\Intel\Intel(R) Management Engine Components\DAL;C:\Program Files\Intel\Intel(R) Management Engine Components\DAL;C:\Program Files (x86)\Intel\Intel(R) Management Engine Components\IPT;C:\Program Files\Intel\Intel(R) Management Engine Components\IPT;C:\Program Files\Intel\WiFi\bin\;C:\Program Files\Common Files\Intel\WirelessCommon\;C:\WINDOWS\System32\OpenSSH\;C:\Program Files\Git\cmd;C:\Users\alexa\AppData\Roaming\nvm;C:\Program Files\nodejs;%USERPROFILE%\AppData\Local\Microsoft\WindowsApps;C:\Users\alexa\AppData\Roaming\npm;C:\Users\alexa\AppData\Local\Programs\Microsoft VS Code\bin;%NVM_HOME%;%NVM_SYMLINK%;C:\Users\alexa\AppData\Local\hyper\app-2.1.2\resources\bin

Yarn version: 
  1.15.2

Node version: 
  8.15.1

Platform: 
  win32 x64

Trace: 
  Error: https://registry.yarnpkg.com/bcriptjs: Not found
      at Request.params.callback [as _callback] (C:\Users\alexa\AppData\Roaming\npm\node_modules\yarn\lib\cli.js:66058:18)
      at Request.self.callback (C:\Users\alexa\AppData\Roaming\npm\node_modules\yarn\lib\cli.js:129541:22)
      at emitTwo (events.js:126:13)
      at Request.emit (events.js:214:7)
      at Request.<anonymous> (C:\Users\alexa\AppData\Roaming\npm\node_modules\yarn\lib\cli.js:130513:10)
      at emitOne (events.js:116:13)
      at Request.emit (events.js:211:7)
      at IncomingMessage.<anonymous> (C:\Users\alexa\AppData\Roaming\npm\node_modules\yarn\lib\cli.js:130435:12)
      at Object.onceWrapper (events.js:313:30)
      at emitNone (events.js:111:20)

npm manifest: 
  {
    "name": "devconnector",
    "version": "1.0.0",
    "main": "server.js",
    "author": "alex",
    "license": "MIT"
  }

yarn manifest: 
  No manifest

Lockfile: 
  No lockfile
